Arguments: 
  /usr/local/bin/node /usr/local/Cellar/yarn/1.3.2/libexec/bin/yarn.js

PATH: 
  /Library/Frameworks/Python.framework/Versions/3.5/bin:/usr/local/bin:/usr/bin:/bin:/usr/sbin:/sbin:/usr/local/share/dotnet:/opt/X11/bin:/Library/Frameworks/Python.framework/Versions/3.5/bin

Yarn version: 
  1.3.2

Node version: 
  9.2.0

Platform: 
  darwin x64

npm manifest: 
  {
    "name": "react-redux-realworld-example-app",
    "version": "0.1.0",
    "private": true,
    "devDependencies": {
      "react-scripts": "0.6.1"
    },
    "dependencies": {
      "history": "^4.3.0",
      "marked": "^0.3.6",
      "react": "^15.3.2",
      "react-dom": "^15.3.2",
      "react-redux": "^4.4.5",
      "react-router": "^2.8.1",
      "redux": "^3.6.0",
      "superagent": "^2.3.0",
      "superagent-promise": "^1.1.0"
    },
    "scripts": {
      "start": "react-scripts start",
      "build": "react-scripts build",
      "test": "react-scripts test --env=jsdom",
      "eject": "react-scripts eject"
    }
  }

yarn manifest: 
  No manifest

Lockfile: 
  No lockfile

Trace: 
  SyntaxError: /Users/soldeplata/Library/Caches/Yarn/v1/npm-babel-plugin-transform-es2015-parameters-6.24.1-57ac351ab49caf14a97cd13b09f66fdf0a625f2b/.yarn-metadata.json: Unexpected end of JSON input
      at JSON.parse (<anonymous>)
      at /usr/local/Cellar/yarn/1.3.2/libexec/lib/cli.js:770:59
      at Generator.next (<anonymous>)
      at step (/usr/local/Cellar/yarn/1.3.2/libexec/lib/cli.js:92:30)
      at /usr/local/Cellar/yarn/1.3.2/libexec/lib/cli.js:103:13
      at <anonymous>
